<?xml version="1.0" encoding="utf-8"?><testsuites name="pytest tests"><testsuite name="pytest" errors="0" failures="0" skipped="0" tests="13" time="3.625" timestamp="2026-02-13T22:43:43.221346+00:00" hostname="agent-env-1c2d0615-9c80-42a6-a4bc-ae07a3e412ce"><testcase classname="backend.tests.test_api.TestAuth" name="test_login_success" time="0.482" /><testcase classname="backend.tests.test_api.TestAuth" name="test_login_invalid_credentials" time="0.152" /><testcase classname="backend.tests.test_api.TestCertificates" name="test_get_certificates" time="0.490" /><testcase classname="backend.tests.test_api.TestCertificates" name="test_get_single_certificate" time="0.322" /><testcase classname="backend.tests.test_api.TestCertificates" name="test_certificate_download" time="0.254" /><testcase classname="backend.tests.test_api.TestBatchPdf" name="test_batch_pdf_download" time="0.509" /><testcase classname="backend.tests.test_api.TestBatchPdf" name="test_batch_pdf_empty_list" time="0.149" /><testcase classname="backend.tests.test_api.TestBatchPdf" name="test_batch_pdf_invalid_ids" time="0.134" /><testcase classname="backend.tests.test_api.TestTemplates" name="test_get_templates" time="0.121" /><testcase classname="backend.tests.test_api.TestTemplates" name="test_get_single_template" time="0.254" /><testcase classname="backend.tests.test_api.TestVerification" name="test_verify_certificate_by_code" time="0.280" /><testcase classname="backend.tests.test_api.TestVerification" name="test_verify_invalid_code" time="0.111" /><testcase classname="backend.tests.test_api.TestStats" name="test_get_stats" time="0.123" /></testsuite></testsuites>